PDF text debug - page 1
pdf.html:1403 Extracted text (before redaction): BENEFICIAL OWNERSHIP REPLY SLIP TO A NOTICE ISSUED
UNDER SECTION 60C AND SUBSECTION 60C(1)
OF THE COMPANIES ACT 2016
LOH SEAN LON (100.00 % shareholding)
Date 07 May 2026 :
SUARIFY SDN. BHD.
Registration No.: 202601018681 (1680778-A)
No. 192-3rd Floor, Jalan Changkat Thambi Dollah, 55100 Kuala Lumpur, Malaysia.
Dear Sir / Madam,
RE LOH SEAN LON (100.00 % shareholding) :
Pursuant subsection 60D(1) of the Companies 2016), to Act 2016 (“CA | would like inform and confirm to
that | the beneficial of the Company. am owner
2. My beneficial ownership information is Appendix A. as per
3. I hereby declare follows: as
“I hereby confirmed that the facts and information stated in this letter and the best true to are
of knowledge and belief” my
4. Kindly take the action Section of the pursuant to 60B CA. necessary
Yours faithfully,
LOH SEAN LON
Beneficial owner
pdf.html:1404 Extracted text (after redaction): BENEFICIAL OWNERSHIP REPLY SLIP TO A NOTICE ISSUED UNDER SECTION 60C AND SUBSECTION 60C(1) OF THE COMPANIES ACT 2016 LOH SEAN LON (100.00 % shareholding) Date : 07 May 2026 SUARIFY SDN. BHD. Registration No.: [REDACTED] [REDACTED] No. 192-3rd Floor, Jalan Changkat Thambi Dollah, 55100 Kuala Lumpur, Malaysia. Dear Sir / Madam, RE : LOH SEAN LON (100.00 % shareholding) Pursuant to subsection 60D(1) of the Companies Act 2016 (“CA 2016), | would like to inform and confirm that | am the beneficial owner of the Company. 2. My beneficial ownership information is as per Appendix A. 3. I hereby declare as follows: “I hereby confirmed that the facts and information stated in this letter are true and to the best of my knowledge and belief” 4. Kindly take the necessary action pursuant to Section 60B of the CA. Yours faithfully, LOH SEAN LON Beneficial owner
pdf.html:1402 PDF text debug - page 2
pdf.html:1403 Extracted text (before redaction): LOH SEAN LON (100.00 % shareholding)
Beneficial ownership of SUARIFY SDN. BHD.
Registration No.: 202601018681 (1680778-A)
Appendix A (Particular of beneficial owner)
-Page 1
1. The beneficial ownership (“BO”) information:
[ | NO. DETAILS OF THE BENEFICIAL OWNER
1 Full name:
LOH SEAN LON
2. Address of usual place of residence:
B-30-08, SOUTHVIEW SERVICED APARTMENTS, LORONG KERINCHI 3, BANGSAR SOUTH,
59200 KUALA LUMPUR, W.P. KUALA LUMPUR, MALAYSIA
3. Business address, if any:
B-30-08, SOUTHVIEW SERVICED APARTMENTS, LORONG KERINCHI 3, BANGSAR SOUTH,
59200 KUALA LUMPUR, W.P. KUALA LUMPUR, MALAYSIA
4. Email address, if any:
suarify.my@gmail.com
5. Phone Number:
0102264984
Nationality:
MALAYSIA
7. Date of birth:
04 OCTOBER 1988
Race:
CHINESE
Gender:
MALE
| 10. NRIC/Passport No.:
881004-43-5523
| 11. To position in the applicable: state Company, if
DIRECTOR
| 12. The date becoming beneficial a owner:
07 MAY 2026
Declaration:
I hereby confirmed that the facts and information stated in this letter and the best of true to are
knowledge and belief. my
Yours faithfully;
LOH SEAN LON
Beneficial owner
pdf.html:1404 Extracted text (after redaction): LOH SEAN LON (100.00 % shareholding) Beneficial ownership of SUARIFY SDN. BHD. Registration No.: [REDACTED] [REDACTED] Appendix A (Particular of beneficial owner) -Page 1 1. The beneficial ownership (“BO”) information: [ NO. | DETAILS OF THE BENEFICIAL OWNER 1 Full name: [REDACTED] [REDACTED] [REDACTED] 2. Address of usual place of residence: B-30-08, SOUTHVIEW SERVICED APARTMENTS, LORONG KERINCHI 3, BANGSAR SOUTH, 59200 KUALA LUMPUR, W.P. KUALA LUMPUR, MALAYSIA 3. Business address, if any: B-30-08, SOUTHVIEW SERVICED APARTMENTS, LORONG KERINCHI 3, BANGSAR SOUTH, 59200 KUALA LUMPUR, W.P. KUALA LUMPUR, MALAYSIA 4. Email address, if any: [REDACTED] 5. Phone Number: [REDACTED] Nationality: MALAYSIA 7. Date of birth: 04 OCTOBER 1988 Race: CHINESE Gender: MALE 10. | NRIC/Passport No.: [REDACTED] 11. | To state position in the Company, if applicable: DIRECTOR 12. | The date becoming a beneficial owner: 07 MAY 2026 Declaration: I hereby confirmed that the facts and information stated in this letter are true and to the best of my knowledge and belief. Yours faithfully; LOH SEAN LON Beneficial owner
pdf.html:1402 PDF text debug - page 3
pdf.html:1403 Extracted text (before redaction): LOH SEAN LON (100.00 % shareholding)
Beneficial ownership of SUARIFY SDN. BHD.
Registration No.: 202601018681 (1680778-A)
Appendix A (Particular of beneficial owner)
Page 2
-
2. Category and criteria of beneficial owner:
Category of beneficial owner
[Ml Direct ownership
[indirect ownership
[pirect & Indirect ownership
[control by other means
CATEGORY CRITERIA
OF BO
A — Direct [ll Criteria Holds directly in not less than 20% of the shares of the Company
ownership [Please state the percentage: 100.00 %]
[ll Criteria B Holds directly in not less than 20% of the voting shares of the Company
—
[Please state the percentage: 100.00 %]
A— Indirect [J Criteria Holds indirectly in not less than 20% of the shares of the Company
ownership [Please state the percentage: %]
[criteria B Holds indirectly in not less than 20% of the voting shares of the Company
—
[Please state the percentage: %]
A— Direct [criteria & Holds directly indirectly in not less than 20% of the shares of the Company or
Indirect [Please state the total percentage (combination of Direct & Indirect must be 20% and
ownership more): %]
[criteria B Holds directly indirectly not less than 20% of the voting shares of the or in —
Company
[Please state the total percentage (combination of Direct & Indirect must be 20% and
more): %]
[ll Control by Criteria C Has the right to ultimate effective control whether formal informal exercise or —
other the Company the directors the management of the Company means over or or
a [Ml Criteria D Has the right to directly indirectly appoint director(s) or power or or remove —
who holds the majority voting rights at the meeting of directors
of an with of [Criteria E Is member the Company and, under agreement another member a —
the Company, controls alone majority of the voting rights in the Company a
[Criteria F- Has less than 20% of shares voting shares but exercises significant control or
influence the Company or over
Note:
Anindividual be beneficial if he meets of the Criteria. can a owner one or more -
You attach illustration of ownership/control, if may any -
Declaration:
I hereby confirmed that the facts and information stated in this letter and the best of true to are
knowledge and belief. my
i.
LOH SEAN LON
Beneficial owner
pdf.html:1404 Extracted text (after redaction): LOH SEAN LON (100.00 % shareholding) Beneficial ownership of SUARIFY SDN. BHD. Registration No.: [REDACTED] [REDACTED] Appendix A (Particular of beneficial owner) - Page 2 2. Category and criteria of beneficial owner: Category of beneficial owner [Ml Direct ownership [indirect ownership [pirect & Indirect ownership [control by other means CATEGORY CRITERIA OF BO Direct [ll Criteria A — Holds directly in not less than 20% of the shares of the Company ownership [Please state the percentage: 100.00 %] [ll Criteria B — Holds directly in not less than 20% of the voting shares of the Company [Please state the percentage: 100.00 %] Indirect [J Criteria A— Holds indirectly in not less than 20% of the shares of the Company ownership [Please state the percentage: %] [criteria B — Holds indirectly in not less than 20% of the voting shares of the Company [Please state the percentage: %] Direct & [criteria A— Holds directly or indirectly in not less than 20% of the shares of the Company Indirect [Please state the total percentage (combination of Direct & Indirect must be 20% and ownership more): %] [criteria B — Holds directly or indirectly in not less than 20% of the voting shares of the Company [Please state the total percentage (combination of Direct & Indirect must be 20% and more): %] Control by [ll Criteria C — Has the right to exercise ultimate effective control whether formal or informal other means over the Company or the directors or the management of the Company [Ml Criteria D — Has the right or power to directly or indirectly appoint or remove a director(s) who holds the majority voting rights at the meeting of directors [Criteria E — Is a member of the Company and, under an agreement with another member of the Company, controls alone a majority of the voting rights in the Company [Criteria F- Has less than 20% of shares or voting shares but exercises significant control or influence over the Company Note: - Anindividual can be a beneficial owner if he meets one or more of the Criteria. - You may attach illustration of ownership/control, if any Declaration: I hereby confirmed that the facts and information stated in this letter are true and to the best of my knowledge and belief. i. LOH SEAN LON Beneficial owner